  Building Custom Rule C:/Users/kiral/source/repos/KirillSilesia/Swarm-Intelligence-Simulation-Framework/CMakeLists.txt
  AntColonyOptimization.cpp
  ArtificialBeeColony.cpp
  FishSchoolSearch.cpp
  ParticleSwarmOptimization.cpp
  Agent.cpp
  Simulation.cpp
  GUI.cpp
  main.cpp
  ObstacleAvoidance.cpp
  PathPlanning.cpp
  Reconnaissance.cpp
  TargetSearch.cpp
  imgui.cpp
  imgui_draw.cpp
  imgui_tables.cpp
  imgui_widgets.cpp
  imgui_demo.cpp
  imgui_impl_glfw.cpp
  imgui_impl_opengl3.cpp
  implot.cpp
  Создание кода...
  Компиляция...
  implot_items.cpp
  implot_demo.cpp
  Создание кода...
  SwarmSim.vcxproj -> C:\Users\kiral\source\repos\KirillSilesia\Swarm-Intelligence-Simulation-Framework\build\Debug\SwarmSim.exe
