c:\users\kiral\source\repos\kirillsilesia\swarm-intelligence-simulation-framework\build\swarmsim.dir\debug\vc143.pdb
c:\users\kiral\source\repos\kirillsilesia\swarm-intelligence-simulation-framework\build\swarmsim.dir\debug\implot.obj
c:\users\kiral\source\repos\kirillsilesia\swarm-intelligence-simulation-framework\build\swarmsim.dir\debug\imgui_impl_opengl3.obj
c:\users\kiral\source\repos\kirillsilesia\swarm-intelligence-simulation-framework\build\swarmsim.dir\debug\imgui_impl_glfw.obj
c:\users\kiral\source\repos\kirillsilesia\swarm-intelligence-simulation-framework\build\swarmsim.dir\debug\imgui_demo.obj
c:\users\kiral\source\repos\kirillsilesia\swarm-intelligence-simulation-framework\build\swarmsim.dir\debug\imgui_widgets.obj
c:\users\kiral\source\repos\kirillsilesia\swarm-intelligence-simulation-framework\build\swarmsim.dir\debug\imgui_tables.obj
c:\users\kiral\source\repos\kirillsilesia\swarm-intelligence-simulation-framework\build\swarmsim.dir\debug\imgui_draw.obj
c:\users\kiral\source\repos\kirillsilesia\swarm-intelligence-simulation-framework\build\swarmsim.dir\debug\imgui.obj
c:\users\kiral\source\repos\kirillsilesia\swarm-intelligence-simulation-framework\build\swarmsim.dir\debug\targetsearch.obj
c:\users\kiral\source\repos\kirillsilesia\swarm-intelligence-simulation-framework\build\swarmsim.dir\debug\reconnaissance.obj
c:\users\kiral\source\repos\kirillsilesia\swarm-intelligence-simulation-framework\build\swarmsim.dir\debug\pathplanning.obj
c:\users\kiral\source\repos\kirillsilesia\swarm-intelligence-simulation-framework\build\swarmsim.dir\debug\obstacleavoidance.obj
c:\users\kiral\source\repos\kirillsilesia\swarm-intelligence-simulation-framework\build\swarmsim.dir\debug\main.obj
c:\users\kiral\source\repos\kirillsilesia\swarm-intelligence-simulation-framework\build\swarmsim.dir\debug\gui.obj
c:\users\kiral\source\repos\kirillsilesia\swarm-intelligence-simulation-framework\build\swarmsim.dir\debug\simulation.obj
c:\users\kiral\source\repos\kirillsilesia\swarm-intelligence-simulation-framework\build\swarmsim.dir\debug\agent.obj
c:\users\kiral\source\repos\kirillsilesia\swarm-intelligence-simulation-framework\build\swarmsim.dir\debug\particleswarmoptimization.obj
c:\users\kiral\source\repos\kirillsilesia\swarm-intelligence-simulation-framework\build\swarmsim.dir\debug\fishschoolsearch.obj
c:\users\kiral\source\repos\kirillsilesia\swarm-intelligence-simulation-framework\build\swarmsim.dir\debug\artificialbeecolony.obj
c:\users\kiral\source\repos\kirillsilesia\swarm-intelligence-simulation-framework\build\swarmsim.dir\debug\antcolonyoptimization.obj
c:\users\kiral\source\repos\kirillsilesia\swarm-intelligence-simulation-framework\build\swarmsim.dir\debug\implot_demo.obj
c:\users\kiral\source\repos\kirillsilesia\swarm-intelligence-simulation-framework\build\swarmsim.dir\debug\implot_items.obj
c:\users\kiral\source\repos\kirillsilesia\swarm-intelligence-simulation-framework\build\cmakefiles\generate.stamp
c:\users\kiral\source\repos\kirillsilesia\swarm-intelligence-simulation-framework\build\debug\swarmsim.exe
c:\users\kiral\source\repos\kirillsilesia\swarm-intelligence-simulation-framework\build\debug\swarmsim.pdb
c:\users\kiral\source\repos\kirillsilesia\swarm-intelligence-simulation-framework\build\swarmsim.dir\debug\swarmsim.ilk
c:\users\kiral\source\repos\kirillsilesia\swarm-intelligence-simulation-framework\build\swarmsim.dir\debug\swarmsim.tlog\cl.command.1.tlog
c:\users\kiral\source\repos\kirillsilesia\swarm-intelligence-simulation-framework\build\swarmsim.dir\debug\swarmsim.tlog\cl.items.tlog
c:\users\kiral\source\repos\kirillsilesia\swarm-intelligence-simulation-framework\build\swarmsim.dir\debug\swarmsim.tlog\cl.read.1.tlog
c:\users\kiral\source\repos\kirillsilesia\swarm-intelligence-simulation-framework\build\swarmsim.dir\debug\swarmsim.tlog\cl.write.1.tlog
c:\users\kiral\source\repos\kirillsilesia\swarm-intelligence-simulation-framework\build\swarmsim.dir\debug\swarmsim.tlog\custombuild.command.1.tlog
c:\users\kiral\source\repos\kirillsilesia\swarm-intelligence-simulation-framework\build\swarmsim.dir\debug\swarmsim.tlog\custombuild.read.1.tlog
c:\users\kiral\source\repos\kirillsilesia\swarm-intelligence-simulation-framework\build\swarmsim.dir\debug\swarmsim.tlog\custombuild.write.1.tlog
c:\users\kiral\source\repos\kirillsilesia\swarm-intelligence-simulation-framework\build\swarmsim.dir\debug\swarmsim.tlog\link.command.1.tlog
c:\users\kiral\source\repos\kirillsilesia\swarm-intelligence-simulation-framework\build\swarmsim.dir\debug\swarmsim.tlog\link.read.1.tlog
c:\users\kiral\source\repos\kirillsilesia\swarm-intelligence-simulation-framework\build\swarmsim.dir\debug\swarmsim.tlog\link.secondary.1.tlog
c:\users\kiral\source\repos\kirillsilesia\swarm-intelligence-simulation-framework\build\swarmsim.dir\debug\swarmsim.tlog\link.write.1.tlog
